<?xml version="1.0" encoding="UTF-8"?>
<!-- Generated by org.testng.reporters.JUnitXMLReporter -->
<testsuite ignored="0" hostname="DESKTOP-7VKRHC7" failures="0" tests="3" name="Footer Validations" time="112.076" errors="0" timestamp="2023-06-14T12:20:40 IST">
  <testcase classname="WebAutomation.tests.FailedLoginTest" name="returningCustomerSectionIsThere" time="3.693"/>
  <testcase classname="WebAutomation.tests.FailedLoginTest" name="failedLogin" time="7.006"/>
  <testcase classname="WebAutomation.tests.FailedLoginTest" name="failedLogin" time="4.723"/>
</testsuite> <!-- Footer Validations -->
