<?xml version="1.0" encoding="UTF-8"?>
<!-- Generated by org.testng.reporters.JUnitXMLReporter -->
<testsuite ignored="2" hostname="DESKTOP-7VKRHC7" failures="0" tests="0" time="0.226" errors="0" timestamp="2023-06-14T10:38:05 IST">
  <testcase classname="WebAutomation.tests.FailedLoginTest" name="failedLogin" time="0.0">
    <ignored/>
  </testcase> <!-- failedLogin -->
  <testcase classname="WebAutomation.tests.FailedLoginTest" name="returningCustomerSectionIsThere" time="0.0">
    <ignored/>
  </testcase> <!-- returningCustomerSectionIsThere -->
</testsuite>
