<?xml version="1.0" encoding="UTF-8"?>
<!-- Generated by org.testng.reporters.JUnitXMLReporter -->
<testsuite ignored="0" hostname="DESKTOP-7VKRHC7" failures="0" tests="2" name="Login Validations" time="72.154" errors="0" timestamp="2023-06-14T12:20:01 IST">
  <testcase classname="WebAutomation.tests.FooterValidationTest" name="verifyAddress" time="1.639"/>
  <testcase classname="WebAutomation.tests.FooterValidationTest" name="verifySupportEmail" time="0.089"/>
</testsuite> <!-- Login Validations -->
