<?xml version="1.0" encoding="UTF-8"?>
<!-- Generated by org.testng.reporters.JUnitXMLReporter -->
<testsuite ignored="0" hostname="DESKTOP-7VKRHC7" failures="0" tests="2" name="Login Validations" time="54.476" errors="0" timestamp="2023-06-15T12:46:50 IST">
  <testcase classname="WebAutomation.tests.SuccessfulLoginTest" name="userIsSuccessfullyLoggedInUsingValidCredentials" time="6.677"/>
  <testcase classname="WebAutomation.tests.SuccessfulLoginTest" name="userIsSuccessfullyLoggedInUsingValidCredentials" time="6.661"/>
</testsuite> <!-- Login Validations -->
