<?xml version="1.0" encoding="UTF-8"?>
<!-- Generated by org.testng.reporters.JUnitXMLReporter -->
<testsuite ignored="0" hostname="DESKTOP-7VKRHC7" failures="0" tests="4" name="Login Validations" time="120.451" errors="0" timestamp="2023-06-15T16:06:39 IST">
  <testcase classname="WebAutomation.tests.SuccessfulLoginTest" name="logoutIsWorking" time="11.426"/>
  <testcase classname="WebAutomation.tests.SuccessfulLoginTest" name="logoutIsWorking" time="20.153"/>
  <testcase classname="WebAutomation.tests.SuccessfulLoginTest" name="userIsSuccessfullyLoggedInUsingValidCredentials" time="5.647"/>
  <testcase classname="WebAutomation.tests.SuccessfulLoginTest" name="userIsSuccessfullyLoggedInUsingValidCredentials" time="6.193"/>
</testsuite> <!-- Login Validations -->
