<?xml version="1.0" encoding="UTF-8"?>
<!-- Generated by org.testng.reporters.JUnitXMLReporter -->
<testsuite ignored="0" hostname="DESKTOP-7VKRHC7" failures="0" tests="4" name="Login Validations" time="200.98" errors="0" timestamp="2023-06-21T16:58:04 IST">
  <testcase classname="WebAutomation.tests.ProductShoppingTest" name="noMapIsDisplayedWhenSearchedForInvalidMap" time="15.734"/>
  <testcase classname="WebAutomation.tests.ProductShoppingTest" name="noMapIsDisplayedWhenSearchedForInvalidMap" time="20.346"/>
  <testcase classname="WebAutomation.tests.ProductShoppingTest" name="productIsAddedToTheCart" time="24.24"/>
  <testcase classname="WebAutomation.tests.ProductShoppingTest" name="productIsAddedToTheCart" time="36.516"/>
</testsuite> <!-- Login Validations -->
