<?xml version="1.0" encoding="UTF-8"?>
<testng-results ignored="0" total="4" passed="4" failed="0" skipped="0">
  <reporter-output>
  </reporter-output>
  <suite started-at="2023-06-21T16:54:42 IST" name="Suite" finished-at="2023-06-21T16:58:03 IST" duration-ms="200980">
    <groups>
      <group name="Shopping">
        <method signature="ProductShoppingTest.noMapIsDisplayedWhenSearchedForInvalidMap(java.util.HashMap)[pri:0, instance:WebAutomation.tests.ProductShoppingTest@58be6e8]" name="noMapIsDisplayedWhenSearchedForInvalidMap" class="WebAutomation.tests.ProductShoppingTest"/>
        <method signature="ProductShoppingTest.productIsAddedToTheCart(java.util.HashMap)[pri:0, instance:WebAutomation.tests.ProductShoppingTest@58be6e8]" name="productIsAddedToTheCart" class="WebAutomation.tests.ProductShoppingTest"/>
      </group> <!-- Shopping -->
    </groups>
    <test started-at="2023-06-21T16:54:42 IST" name="Login Validations" finished-at="2023-06-21T16:58:03 IST" duration-ms="200980">
      <class name="WebAutomation.tests.ProductShoppingTest">
        <test-method is-config="true" signature="launchApp()[pri:0, instance:WebAutomation.tests.ProductShoppingTest@58be6e8]" started-at="2023-06-21T16:54:43 IST" name="launchApp" finished-at="2023-06-21T16:55:10 IST" duration-ms="27348" status="PASS">
          <reporter-output>
          </reporter-output>
        </test-method> <!-- launchApp -->
        <test-method signature="noMapIsDisplayedWhenSearchedForInvalidMap(java.util.HashMap)[pri:0, instance:WebAutomation.tests.ProductShoppingTest@58be6e8]" started-at="2023-06-21T16:55:10 IST" name="noMapIsDisplayedWhenSearchedForInvalidMap" data-provider="getSearchData" finished-at="2023-06-21T16:55:26 IST" duration-ms="15734" status="PASS">
          <params>
            <param index="0">
              <value>
                <![CDATA[{password=Msl@1234, mapToBeSearchedFor=World Map Decorator, email=thakurdpk786@gmail.com}]]>
              </value>
            </param>
          </params>
          <reporter-output>
          </reporter-output>
        </test-method> <!-- noMapIsDisplayedWhenSearchedForInvalidMap -->
        <test-method is-config="true" signature="tearDown()[pri:0, instance:WebAutomation.tests.ProductShoppingTest@58be6e8]" started-at="2023-06-21T16:55:26 IST" name="tearDown" finished-at="2023-06-21T16:55:27 IST" duration-ms="1302" status="PASS">
          <reporter-output>
          </reporter-output>
        </test-method> <!-- tearDown -->
        <test-method is-config="true" signature="launchApp()[pri:0, instance:WebAutomation.tests.ProductShoppingTest@58be6e8]" started-at="2023-06-21T16:55:27 IST" name="launchApp" finished-at="2023-06-21T16:55:52 IST" duration-ms="25186" status="PASS">
          <reporter-output>
          </reporter-output>
        </test-method> <!-- launchApp -->
        <test-method signature="noMapIsDisplayedWhenSearchedForInvalidMap(java.util.HashMap)[pri:0, instance:WebAutomation.tests.ProductShoppingTest@58be6e8]" started-at="2023-06-21T16:55:52 IST" name="noMapIsDisplayedWhenSearchedForInvalidMap" data-provider="getSearchData" finished-at="2023-06-21T16:56:13 IST" duration-ms="20346" status="PASS">
          <params>
            <param index="0">
              <value>
                <![CDATA[{password=Msl@1234, mapToBeSearchedFor=World Map Decorator, email=deepakthakur03121992@gmail.com}]]>
              </value>
            </param>
          </params>
          <reporter-output>
          </reporter-output>
        </test-method> <!-- noMapIsDisplayedWhenSearchedForInvalidMap -->
        <test-method is-config="true" signature="tearDown()[pri:0, instance:WebAutomation.tests.ProductShoppingTest@58be6e8]" started-at="2023-06-21T16:56:13 IST" name="tearDown" finished-at="2023-06-21T16:56:14 IST" duration-ms="740" status="PASS">
          <reporter-output>
          </reporter-output>
        </test-method> <!-- tearDown -->
        <test-method is-config="true" signature="launchApp()[pri:0, instance:WebAutomation.tests.ProductShoppingTest@58be6e8]" started-at="2023-06-21T16:56:14 IST" name="launchApp" finished-at="2023-06-21T16:56:42 IST" duration-ms="28883" status="PASS">
          <reporter-output>
          </reporter-output>
        </test-method> <!-- launchApp -->
        <test-method signature="productIsAddedToTheCart(java.util.HashMap)[pri:0, instance:WebAutomation.tests.ProductShoppingTest@58be6e8]" started-at="2023-06-21T16:56:42 IST" name="productIsAddedToTheCart" data-provider="getData" finished-at="2023-06-21T16:57:07 IST" duration-ms="24240" status="PASS">
          <params>
            <param index="0">
              <value>
                <![CDATA[{password=Msl@1234, email=thakurdpk786@gmail.com}]]>
              </value>
            </param>
          </params>
          <reporter-output>
          </reporter-output>
        </test-method> <!-- productIsAddedToTheCart -->
        <test-method is-config="true" signature="tearDown()[pri:0, instance:WebAutomation.tests.ProductShoppingTest@58be6e8]" started-at="2023-06-21T16:57:07 IST" name="tearDown" finished-at="2023-06-21T16:57:07 IST" duration-ms="504" status="PASS">
          <reporter-output>
          </reporter-output>
        </test-method> <!-- tearDown -->
        <test-method is-config="true" signature="launchApp()[pri:0, instance:WebAutomation.tests.ProductShoppingTest@58be6e8]" started-at="2023-06-21T16:57:07 IST" name="launchApp" finished-at="2023-06-21T16:57:26 IST" duration-ms="18968" status="PASS">
          <reporter-output>
          </reporter-output>
        </test-method> <!-- launchApp -->
        <test-method signature="productIsAddedToTheCart(java.util.HashMap)[pri:0, instance:WebAutomation.tests.ProductShoppingTest@58be6e8]" started-at="2023-06-21T16:57:26 IST" name="productIsAddedToTheCart" data-provider="getData" finished-at="2023-06-21T16:58:03 IST" duration-ms="36516" status="PASS">
          <params>
            <param index="0">
              <value>
                <![CDATA[{password=Msl@1234, email=deepakthakur03121992@gmail.com}]]>
              </value>
            </param>
          </params>
          <reporter-output>
          </reporter-output>
        </test-method> <!-- productIsAddedToTheCart -->
        <test-method is-config="true" signature="tearDown()[pri:0, instance:WebAutomation.tests.ProductShoppingTest@58be6e8]" started-at="2023-06-21T16:58:03 IST" name="tearDown" finished-at="2023-06-21T16:58:03 IST" duration-ms="613" status="PASS">
          <reporter-output>
          </reporter-output>
        </test-method> <!-- tearDown -->
      </class> <!-- WebAutomation.tests.ProductShoppingTest -->
    </test> <!-- Login Validations -->
  </suite> <!-- Suite -->
</testng-results>
