<?xml version="1.0" encoding="UTF-8"?>
<testng-results ignored="3" total="4" passed="1" failed="0" skipped="0">
  <reporter-output>
  </reporter-output>
  <suite started-at="2023-06-14T10:38:05 IST" name="Suite" finished-at="2023-06-14T10:38:26 IST" duration-ms="21079">
    <groups>
      <group name="Sanity">
        <method signature="FooterValidationTest.verifySupportEmail()[pri:0, instance:WebAutomation.tests.FooterValidationTest@5b218417]" name="verifySupportEmail" class="WebAutomation.tests.FooterValidationTest"/>
      </group> <!-- Sanity -->
    </groups>
    <test started-at="2023-06-14T10:38:05 IST" name="Footer Validations" finished-at="2023-06-14T10:38:05 IST" duration-ms="226">
    </test> <!-- Footer Validations -->
    <test started-at="2023-06-14T10:38:05 IST" name="Login Validations" finished-at="2023-06-14T10:38:26 IST" duration-ms="21077">
      <class name="WebAutomation.tests.FooterValidationTest">
        <test-method is-config="true" signature="launchApp()[pri:0, instance:WebAutomation.tests.FooterValidationTest@5b218417]" started-at="2023-06-14T10:38:05 IST" name="launchApp" finished-at="2023-06-14T10:38:25 IST" duration-ms="20140" status="PASS">
          <reporter-output>
          </reporter-output>
        </test-method> <!-- launchApp -->
        <test-method signature="verifySupportEmail()[pri:0, instance:WebAutomation.tests.FooterValidationTest@5b218417]" started-at="2023-06-14T10:38:25 IST" name="verifySupportEmail" finished-at="2023-06-14T10:38:25 IST" duration-ms="130" status="PASS">
          <reporter-output>
          </reporter-output>
        </test-method> <!-- verifySupportEmail -->
        <test-method is-config="true" signature="tearDown()[pri:0, instance:WebAutomation.tests.FooterValidationTest@5b218417]" started-at="2023-06-14T10:38:25 IST" name="tearDown" finished-at="2023-06-14T10:38:26 IST" duration-ms="714" status="PASS">
          <reporter-output>
          </reporter-output>
        </test-method> <!-- tearDown -->
      </class> <!-- WebAutomation.tests.FooterValidationTest -->
    </test> <!-- Login Validations -->
  </suite> <!-- Suite -->
</testng-results>
